# JRE version: OpenJDK Runtime Environment Microsoft-8035246 (17.0.8+7) (build 17.0.8+7-LTS)
# Java VM: OpenJDK 64-Bit Server VM Microsoft-8035246 (17.0.8+7-LTS, mixed mode, sharing, tiered, compressed oops, compressed class ptrs, g1 gc, windows-amd64)
GC Precious Log:
 CPUs: 8 total, 8 available
 Memory: 16227M
 Large Page Support: Disabled
 NUMA Support: Disabled
 Compressed Oops: Enabled (32-bit)
 Heap Region Size: 1M
 Heap Min Capacity: 8M
 Heap Initial Capacity: 254M
 Heap Max Capacity: 2G
 Pre-touch: Disabled
 Parallel Workers: 8
 Concurrent Workers: 2
 Concurrent Refinement Workers: 8
 Periodic GC: Disabled
Heap:
 garbage-first heap   total 396288K, used 340992K [0x0000000080000000, 0x0000000100000000)
  region size 1024K, 42 young (43008K), 3 survivors (3072K)
 Metaspace       used 113174K, committed 115136K, reserved 557056K
  class space    used 15883K, committed 16768K, reserved 425984K
GC Heap History (20 events):
Event: 44.231 GC heap before
{Heap before GC invocations=47 (full 0):
 garbage-first heap   total 321536K, used 274605K [0x0000000080000000, 0x0000000100000000)
  region size 1024K, 24 young (24576K), 5 survivors (5120K)
 Metaspace       used 110202K, committed 111872K, reserved 557056K
  class space    used 15561K, committed 16320K, reserved 425984K
}
Event: 44.241 GC heap after
{Heap after GC invocations=48 (full 0):
 garbage-first heap   total 321536K, used 258620K [0x0000000080000000, 0x0000000100000000)
  region size 1024K, 3 young (3072K), 3 survivors (3072K)
 Metaspace       used 110202K, committed 111872K, reserved 557056K
  class space    used 15561K, committed 16320K, reserved 425984K
}
Event: 44.481 GC heap before
{Heap before GC invocations=48 (full 0):
 garbage-first heap   total 321536K, used 276028K [0x0000000080000000, 0x0000000100000000)
  region size 1024K, 21 young (21504K), 3 survivors (3072K)
 Metaspace       used 111041K, committed 112768K, reserved 557056K
  class space    used 15654K, committed 16448K, reserved 425984K
}
Event: 44.496 GC heap after
{Heap after GC invocations=49 (full 0):
 garbage-first heap   total 321536K, used 261314K [0x0000000080000000, 0x0000000100000000)
  region size 1024K, 3 young (3072K), 3 survivors (3072K)
 Metaspace       used 111041K, committed 112768K, reserved 557056K
  class space    used 15654K, committed 16448K, reserved 425984K
}
Event: 44.809 GC heap before
{Heap before GC invocations=49 (full 0):
 garbage-first heap   total 321536K, used 278722K [0x0000000080000000, 0x0000000100000000)
  region size 1024K, 20 young (20480K), 3 survivors (3072K)
 Metaspace       used 111200K, committed 112896K, reserved 557056K
  class space    used 15663K, committed 16448K, reserved 425984K
}
Event: 44.819 GC heap after
{Heap after GC invocations=50 (full 0):
 garbage-first heap   total 396288K, used 264353K [0x0000000080000000, 0x0000000100000000)
  region size 1024K, 3 young (3072K), 3 survivors (3072K)
 Metaspace       used 111200K, committed 112896K, reserved 557056K
  class space    used 15663K, committed 16448K, reserved 425984K
}
Event: 45.642 GC heap before
{Heap before GC invocations=50 (full 0):
 garbage-first heap   total 396288K, used 324769K [0x0000000080000000, 0x0000000100000000)
  region size 1024K, 62 young (63488K), 3 survivors (3072K)
 Metaspace       used 112071K, committed 113856K, reserved 557056K
  class space    used 15756K, committed 16576K, reserved 425984K
}
Event: 45.659 GC heap after
{Heap after GC invocations=51 (full 0):
 garbage-first heap   total 396288K, used 276457K [0x0000000080000000, 0x0000000100000000)
  region size 1024K, 8 young (8192K), 8 survivors (8192K)
 Metaspace       used 112071K, committed 113856K, reserved 557056K
  class space    used 15756K, committed 16576K, reserved 425984K
}
Event: 46.142 GC heap before
{Heap before GC invocations=51 (full 0):
 garbage-first heap   total 396288K, used 328681K [0x0000000080000000, 0x0000000100000000)
  region size 1024K, 59 young (60416K), 8 survivors (8192K)
 Metaspace       used 112262K, committed 114048K, reserved 557056K
  class space    used 15760K, committed 16576K, reserved 425984K
}
Event: 46.156 GC heap after
{Heap after GC invocations=52 (full 0):
 garbage-first heap   total 396288K, used 281679K [0x0000000080000000, 0x0000000100000000)
  region size 1024K, 5 young (5120K), 5 survivors (5120K)
 Metaspace       used 112262K, committed 114048K, reserved 557056K
  class space    used 15760K, committed 16576K, reserved 425984K
}
Event: 46.567 GC heap before
{Heap before GC invocations=52 (full 0):
 garbage-first heap   total 396288K, used 332879K [0x0000000080000000, 0x0000000100000000)
  region size 1024K, 55 young (56320K), 5 survivors (5120K)
 Metaspace       used 112473K, committed 114304K, reserved 557056K
  class space    used 15784K, committed 16576K, reserved 425984K
}
Event: 46.577 GC heap after
{Heap after GC invocations=53 (full 0):
 garbage-first heap   total 396288K, used 287071K [0x0000000080000000, 0x0000000100000000)
  region size 1024K, 5 young (5120K), 5 survivors (5120K)
 Metaspace       used 112473K, committed 114304K, reserved 557056K
  class space    used 15784K, committed 16576K, reserved 425984K
}
Event: 47.089 GC heap before
{Heap before GC invocations=53 (full 0):
 garbage-first heap   total 396288K, used 336223K [0x0000000080000000, 0x0000000100000000)
  region size 1024K, 53 young (54272K), 5 survivors (5120K)
 Metaspace       used 113010K, committed 114944K, reserved 557056K
  class space    used 15860K, committed 16704K, reserved 425984K
}
Event: 47.104 GC heap after
{Heap after GC invocations=54 (full 0):
 garbage-first heap   total 396288K, used 294147K [0x0000000080000000, 0x0000000100000000)
  region size 1024K, 7 young (7168K), 7 survivors (7168K)
 Metaspace       used 113010K, committed 114944K, reserved 557056K
  class space    used 15860K, committed 16704K, reserved 425984K
}
Event: 47.452 GC heap before
{Heap before GC invocations=54 (full 0):
 garbage-first heap   total 396288K, used 336131K [0x0000000080000000, 0x0000000100000000)
  region size 1024K, 49 young (50176K), 7 survivors (7168K)
 Metaspace       used 113171K, committed 115136K, reserved 557056K
  class space    used 15882K, committed 16768K, reserved 425984K
}
Event: 47.464 GC heap after
{Heap after GC invocations=55 (full 0):
 garbage-first heap   total 396288K, used 299137K [0x0000000080000000, 0x0000000100000000)
  region size 1024K, 5 young (5120K), 5 survivors (5120K)
 Metaspace       used 113171K, committed 115136K, reserved 557056K
  class space    used 15882K, committed 16768K, reserved 425984K
}
Event: 47.646 GC heap before
{Heap before GC invocations=55 (full 0):
 garbage-first heap   total 396288K, used 339073K [0x0000000080000000, 0x0000000100000000)
  region size 1024K, 44 young (45056K), 5 survivors (5120K)
 Metaspace       used 113172K, committed 115136K, reserved 557056K
  class space    used 15882K, committed 16768K, reserved 425984K
}
Event: 47.652 GC heap after
{Heap after GC invocations=56 (full 0):
 garbage-first heap   total 396288K, used 301137K [0x0000000080000000, 0x0000000100000000)
  region size 1024K, 4 young (4096K), 4 survivors (4096K)
 Metaspace       used 113172K, committed 115136K, reserved 557056K
  class space    used 15882K, committed 16768K, reserved 425984K
}
Event: 47.821 GC heap before
{Heap before GC invocations=56 (full 0):
 garbage-first heap   total 396288K, used 340049K [0x0000000080000000, 0x0000000100000000)
  region size 1024K, 43 young (44032K), 4 survivors (4096K)
 Metaspace       used 113174K, committed 115136K, reserved 557056K
  class space    used 15883K, committed 16768K, reserved 425984K
}
Event: 47.826 GC heap after
{Heap after GC invocations=57 (full 0):
 garbage-first heap   total 396288K, used 302080K [0x0000000080000000, 0x0000000100000000)
  region size 1024K, 3 young (3072K), 3 survivors (3072K)
 Metaspace       used 113174K, committed 115136K, reserved 557056K
  class space    used 15883K, committed 16768K, reserved 425984K
}

