# JRE version: OpenJDK Runtime Environment Microsoft-8035246 (17.0.8+7) (build 17.0.8+7-LTS)
# Java VM: OpenJDK 64-Bit Server VM Microsoft-8035246 (17.0.8+7-LTS, mixed mode, sharing, tiered, compressed oops, compressed class ptrs, g1 gc, windows-amd64)
GC Precious Log:
 CPUs: 8 total, 8 available
 Memory: 16227M
 Large Page Support: Disabled
 NUMA Support: Disabled
 Compressed Oops: Enabled (32-bit)
 Heap Region Size: 1M
 Heap Min Capacity: 8M
 Heap Initial Capacity: 254M
 Heap Max Capacity: 2G
 Pre-touch: Disabled
 Parallel Workers: 8
 Concurrent Workers: 2
 Concurrent Refinement Workers: 8
 Periodic GC: Disabled
Heap:
 garbage-first heap   total 375808K, used 319254K [0x0000000080000000, 0x0000000100000000)
  region size 1024K, 25 young (25600K), 3 survivors (3072K)
 Metaspace       used 113095K, committed 115072K, reserved 557056K
  class space    used 15877K, committed 16768K, reserved 425984K
GC Heap History (20 events):
Event: 67.137 GC heap before
{Heap before GC invocations=59 (full 0):
 garbage-first heap   total 375808K, used 308632K [0x0000000080000000, 0x0000000100000000)
  region size 1024K, 71 young (72704K), 12 survivors (12288K)
 Metaspace       used 111076K, committed 112768K, reserved 557056K
  class space    used 15657K, committed 16448K, reserved 425984K
}
Event: 67.164 GC heap after
{Heap after GC invocations=60 (full 0):
 garbage-first heap   total 375808K, used 258769K [0x0000000080000000, 0x0000000100000000)
  region size 1024K, 9 young (9216K), 9 survivors (9216K)
 Metaspace       used 111076K, committed 112768K, reserved 557056K
  class space    used 15657K, committed 16448K, reserved 425984K
}
Event: 68.003 GC heap before
{Heap before GC invocations=60 (full 0):
 garbage-first heap   total 375808K, used 312017K [0x0000000080000000, 0x0000000100000000)
  region size 1024K, 61 young (62464K), 9 survivors (9216K)
 Metaspace       used 111888K, committed 113664K, reserved 557056K
  class space    used 15746K, committed 16576K, reserved 425984K
}
Event: 68.028 GC heap after
{Heap after GC invocations=61 (full 0):
 garbage-first heap   total 375808K, used 270865K [0x0000000080000000, 0x0000000100000000)
  region size 1024K, 8 young (8192K), 8 survivors (8192K)
 Metaspace       used 111888K, committed 113664K, reserved 557056K
  class space    used 15746K, committed 16576K, reserved 425984K
}
Event: 70.494 GC heap before
{Heap before GC invocations=61 (full 0):
 garbage-first heap   total 375808K, used 313873K [0x0000000080000000, 0x0000000100000000)
  region size 1024K, 50 young (51200K), 8 survivors (8192K)
 Metaspace       used 112125K, committed 113984K, reserved 557056K
  class space    used 15758K, committed 16576K, reserved 425984K
}
Event: 70.513 GC heap after
{Heap after GC invocations=62 (full 0):
 garbage-first heap   total 375808K, used 276547K [0x0000000080000000, 0x0000000100000000)
  region size 1024K, 5 young (5120K), 5 survivors (5120K)
 Metaspace       used 112125K, committed 113984K, reserved 557056K
  class space    used 15758K, committed 16576K, reserved 425984K
}
Event: 70.945 GC heap before
{Heap before GC invocations=62 (full 0):
 garbage-first heap   total 375808K, used 317507K [0x0000000080000000, 0x0000000100000000)
  region size 1024K, 45 young (46080K), 5 survivors (5120K)
 Metaspace       used 112276K, committed 114176K, reserved 557056K
  class space    used 15771K, committed 16640K, reserved 425984K
}
Event: 70.956 GC heap after
{Heap after GC invocations=63 (full 0):
 garbage-first heap   total 375808K, used 280460K [0x0000000080000000, 0x0000000100000000)
  region size 1024K, 4 young (4096K), 4 survivors (4096K)
 Metaspace       used 112276K, committed 114176K, reserved 557056K
  class space    used 15771K, committed 16640K, reserved 425984K
}
Event: 71.387 GC heap before
{Heap before GC invocations=63 (full 0):
 garbage-first heap   total 375808K, used 321420K [0x0000000080000000, 0x0000000100000000)
  region size 1024K, 44 young (45056K), 4 survivors (4096K)
 Metaspace       used 112425K, committed 114304K, reserved 557056K
  class space    used 15783K, committed 16640K, reserved 425984K
}
Event: 71.397 GC heap after
{Heap after GC invocations=64 (full 0):
 garbage-first heap   total 375808K, used 283901K [0x0000000080000000, 0x0000000100000000)
  region size 1024K, 4 young (4096K), 4 survivors (4096K)
 Metaspace       used 112425K, committed 114304K, reserved 557056K
  class space    used 15783K, committed 16640K, reserved 425984K
}
Event: 71.895 GC heap before
{Heap before GC invocations=64 (full 0):
 garbage-first heap   total 375808K, used 322813K [0x0000000080000000, 0x0000000100000000)
  region size 1024K, 42 young (43008K), 4 survivors (4096K)
 Metaspace       used 112917K, committed 114816K, reserved 557056K
  class space    used 15855K, committed 16704K, reserved 425984K
}
Event: 71.908 GC heap after
{Heap after GC invocations=65 (full 0):
 garbage-first heap   total 375808K, used 289885K [0x0000000080000000, 0x0000000100000000)
  region size 1024K, 6 young (6144K), 6 survivors (6144K)
 Metaspace       used 112917K, committed 114816K, reserved 557056K
  class space    used 15855K, committed 16704K, reserved 425984K
}
Event: 72.374 GC heap before
{Heap before GC invocations=65 (full 0):
 garbage-first heap   total 375808K, used 323677K [0x0000000080000000, 0x0000000100000000)
  region size 1024K, 39 young (39936K), 6 survivors (6144K)
 Metaspace       used 113092K, committed 115072K, reserved 557056K
  class space    used 15877K, committed 16768K, reserved 425984K
}
Event: 72.387 GC heap after
{Heap after GC invocations=66 (full 0):
 garbage-first heap   total 375808K, used 294932K [0x0000000080000000, 0x0000000100000000)
  region size 1024K, 5 young (5120K), 5 survivors (5120K)
 Metaspace       used 113092K, committed 115072K, reserved 557056K
  class space    used 15877K, committed 16768K, reserved 425984K
}
Event: 72.560 GC heap before
{Heap before GC invocations=66 (full 0):
 garbage-first heap   total 375808K, used 324628K [0x0000000080000000, 0x0000000100000000)
  region size 1024K, 34 young (34816K), 5 survivors (5120K)
 Metaspace       used 113092K, committed 115072K, reserved 557056K
  class space    used 15877K, committed 16768K, reserved 425984K
}
Event: 72.566 GC heap after
{Heap after GC invocations=67 (full 0):
 garbage-first heap   total 375808K, used 296050K [0x0000000080000000, 0x0000000100000000)
  region size 1024K, 4 young (4096K), 4 survivors (4096K)
 Metaspace       used 113092K, committed 115072K, reserved 557056K
  class space    used 15877K, committed 16768K, reserved 425984K
}
Event: 72.738 GC heap before
{Heap before GC invocations=67 (full 0):
 garbage-first heap   total 375808K, used 324722K [0x0000000080000000, 0x0000000100000000)
  region size 1024K, 33 young (33792K), 4 survivors (4096K)
 Metaspace       used 113093K, committed 115072K, reserved 557056K
  class space    used 15877K, committed 16768K, reserved 425984K
}
Event: 72.744 GC heap after
{Heap after GC invocations=68 (full 0):
 garbage-first heap   total 375808K, used 297125K [0x0000000080000000, 0x0000000100000000)
  region size 1024K, 4 young (4096K), 4 survivors (4096K)
 Metaspace       used 113093K, committed 115072K, reserved 557056K
  class space    used 15877K, committed 16768K, reserved 425984K
}
Event: 72.932 GC heap before
{Heap before GC invocations=68 (full 0):
 garbage-first heap   total 375808K, used 324773K [0x0000000080000000, 0x0000000100000000)
  region size 1024K, 32 young (32768K), 4 survivors (4096K)
 Metaspace       used 113095K, committed 115072K, reserved 557056K
  class space    used 15877K, committed 16768K, reserved 425984K
}
Event: 72.936 GC heap after
{Heap after GC invocations=69 (full 0):
 garbage-first heap   total 375808K, used 297750K [0x0000000080000000, 0x0000000100000000)
  region size 1024K, 3 young (3072K), 3 survivors (3072K)
 Metaspace       used 113095K, committed 115072K, reserved 557056K
  class space    used 15877K, committed 16768K, reserved 425984K
}

